{"/home/rmdanjr/FullStackOpen/part5/bloglist-frontend/src/App.js": {"path":"/home/rmdanjr/FullStackOpen/part5/bloglist-frontend/src/App.js","statementMap":{"0":{"start":{"line":10,"column":12},"end":{"line":176,"column":1}},"1":{"start":{"line":11,"column":34},"end":{"line":11,"column":46}},"2":{"start":{"line":12,"column":34},"end":{"line":12,"column":46}},"3":{"start":{"line":13,"column":34},"end":{"line":13,"column":46}},"4":{"start":{"line":14,"column":34},"end":{"line":14,"column":46}},"5":{"start":{"line":15,"column":36},"end":{"line":15,"column":48}},"6":{"start":{"line":16,"column":30},"end":{"line":16,"column":42}},"7":{"start":{"line":17,"column":42},"end":{"line":17,"column":56}},"8":{"start":{"line":18,"column":46},"end":{"line":18,"column":60}},"9":{"start":{"line":19,"column":26},"end":{"line":19,"column":40}},"10":{"start":{"line":20,"column":22},"end":{"line":20,"column":30}},"11":{"start":{"line":22,"column":2},"end":{"line":31,"column":8}},"12":{"start":{"line":23,"column":27},"end":{"line":23,"column":75}},"13":{"start":{"line":24,"column":4},"end":{"line":30,"column":5}},"14":{"start":{"line":25,"column":19},"end":{"line":25,"column":45}},"15":{"start":{"line":26,"column":6},"end":{"line":26,"column":19}},"16":{"start":{"line":27,"column":6},"end":{"line":27,"column":38}},"17":{"start":{"line":29,"column":6},"end":{"line":29,"column":19}},"18":{"start":{"line":33,"column":22},"end":{"line":36,"column":3}},"19":{"start":{"line":34,"column":18},"end":{"line":34,"column":44}},"20":{"start":{"line":35,"column":4},"end":{"line":35,"column":22}},"21":{"start":{"line":38,"column":22},"end":{"line":59,"column":3}},"22":{"start":{"line":39,"column":4},"end":{"line":39,"column":26}},"23":{"start":{"line":40,"column":4},"end":{"line":58,"column":5}},"24":{"start":{"line":41,"column":19},"end":{"line":44,"column":8}},"25":{"start":{"line":46,"column":6},"end":{"line":46,"column":76}},"26":{"start":{"line":47,"column":6},"end":{"line":47,"column":19}},"27":{"start":{"line":48,"column":6},"end":{"line":48,"column":38}},"28":{"start":{"line":49,"column":6},"end":{"line":49,"column":19}},"29":{"start":{"line":50,"column":6},"end":{"line":50,"column":21}},"30":{"start":{"line":51,"column":6},"end":{"line":51,"column":21}},"31":{"start":{"line":53,"column":6},"end":{"line":53,"column":42}},"32":{"start":{"line":54,"column":6},"end":{"line":54,"column":29}},"33":{"start":{"line":55,"column":6},"end":{"line":57,"column":14}},"34":{"start":{"line":56,"column":8},"end":{"line":56,"column":29}},"35":{"start":{"line":61,"column":23},"end":{"line":65,"column":3}},"36":{"start":{"line":62,"column":4},"end":{"line":62,"column":26}},"37":{"start":{"line":63,"column":4},"end":{"line":63,"column":55}},"38":{"start":{"line":64,"column":4},"end":{"line":64,"column":17}},"39":{"start":{"line":67,"column":28},"end":{"line":69,"column":3}},"40":{"start":{"line":68,"column":4},"end":{"line":68,"column":35}},"41":{"start":{"line":71,"column":29},"end":{"line":73,"column":3}},"42":{"start":{"line":72,"column":4},"end":{"line":72,"column":36}},"43":{"start":{"line":75,"column":26},"end":{"line":77,"column":3}},"44":{"start":{"line":76,"column":4},"end":{"line":76,"column":33}},"45":{"start":{"line":79,"column":18},"end":{"line":106,"column":3}},"46":{"start":{"line":80,"column":4},"end":{"line":80,"column":26}},"47":{"start":{"line":81,"column":4},"end":{"line":81,"column":42}},"48":{"start":{"line":82,"column":22},"end":{"line":86,"column":5}},"49":{"start":{"line":88,"column":4},"end":{"line":105,"column":5}},"50":{"start":{"line":89,"column":6},"end":{"line":89,"column":41}},"51":{"start":{"line":90,"column":6},"end":{"line":90,"column":21}},"52":{"start":{"line":91,"column":6},"end":{"line":91,"column":22}},"53":{"start":{"line":92,"column":6},"end":{"line":92,"column":19}},"54":{"start":{"line":93,"column":6},"end":{"line":93,"column":73}},"55":{"start":{"line":94,"column":6},"end":{"line":94,"column":19}},"56":{"start":{"line":95,"column":6},"end":{"line":95,"column":27}},"57":{"start":{"line":96,"column":6},"end":{"line":98,"column":14}},"58":{"start":{"line":97,"column":8},"end":{"line":97,"column":31}},"59":{"start":{"line":100,"column":6},"end":{"line":100,"column":59}},"60":{"start":{"line":101,"column":6},"end":{"line":101,"column":29}},"61":{"start":{"line":102,"column":6},"end":{"line":104,"column":14}},"62":{"start":{"line":103,"column":8},"end":{"line":103,"column":31}},"63":{"start":{"line":108,"column":21},"end":{"line":127,"column":3}},"64":{"start":{"line":109,"column":22},"end":{"line":111,"column":5}},"65":{"start":{"line":112,"column":4},"end":{"line":126,"column":5}},"66":{"start":{"line":113,"column":6},"end":{"line":125,"column":7}},"67":{"start":{"line":114,"column":8},"end":{"line":114,"column":49}},"68":{"start":{"line":115,"column":8},"end":{"line":115,"column":21}},"69":{"start":{"line":116,"column":8},"end":{"line":116,"column":80}},"70":{"start":{"line":117,"column":8},"end":{"line":119,"column":16}},"71":{"start":{"line":118,"column":10},"end":{"line":118,"column":33}},"72":{"start":{"line":121,"column":8},"end":{"line":121,"column":66}},"73":{"start":{"line":122,"column":8},"end":{"line":124,"column":16}},"74":{"start":{"line":123,"column":10},"end":{"line":123,"column":31}},"75":{"start":{"line":129,"column":2},"end":{"line":175,"column":3}},"76":{"start":{"line":165,"column":12},"end":{"line":170,"column":14}}},"fnMap":{"0":{"name":"(anonymous_0)","decl":{"start":{"line":10,"column":12},"end":{"line":10,"column":13}},"loc":{"start":{"line":10,"column":18},"end":{"line":176,"column":1}},"line":10},"1":{"name":"(anonymous_1)","decl":{"start":{"line":22,"column":12},"end":{"line":22,"column":13}},"loc":{"start":{"line":22,"column":18},"end":{"line":31,"column":3}},"line":22},"2":{"name":"(anonymous_2)","decl":{"start":{"line":33,"column":22},"end":{"line":33,"column":23}},"loc":{"start":{"line":33,"column":34},"end":{"line":36,"column":3}},"line":33},"3":{"name":"(anonymous_3)","decl":{"start":{"line":38,"column":22},"end":{"line":38,"column":23}},"loc":{"start":{"line":38,"column":39},"end":{"line":59,"column":3}},"line":38},"4":{"name":"(anonymous_4)","decl":{"start":{"line":55,"column":17},"end":{"line":55,"column":18}},"loc":{"start":{"line":55,"column":23},"end":{"line":57,"column":7}},"line":55},"5":{"name":"(anonymous_5)","decl":{"start":{"line":61,"column":23},"end":{"line":61,"column":24}},"loc":{"start":{"line":61,"column":40},"end":{"line":65,"column":3}},"line":61},"6":{"name":"(anonymous_6)","decl":{"start":{"line":67,"column":28},"end":{"line":67,"column":29}},"loc":{"start":{"line":67,"column":39},"end":{"line":69,"column":3}},"line":67},"7":{"name":"(anonymous_7)","decl":{"start":{"line":71,"column":29},"end":{"line":71,"column":30}},"loc":{"start":{"line":71,"column":40},"end":{"line":73,"column":3}},"line":71},"8":{"name":"(anonymous_8)","decl":{"start":{"line":75,"column":26},"end":{"line":75,"column":27}},"loc":{"start":{"line":75,"column":37},"end":{"line":77,"column":3}},"line":75},"9":{"name":"(anonymous_9)","decl":{"start":{"line":79,"column":18},"end":{"line":79,"column":19}},"loc":{"start":{"line":79,"column":35},"end":{"line":106,"column":3}},"line":79},"10":{"name":"(anonymous_10)","decl":{"start":{"line":96,"column":17},"end":{"line":96,"column":18}},"loc":{"start":{"line":96,"column":23},"end":{"line":98,"column":7}},"line":96},"11":{"name":"(anonymous_11)","decl":{"start":{"line":102,"column":17},"end":{"line":102,"column":18}},"loc":{"start":{"line":102,"column":23},"end":{"line":104,"column":7}},"line":102},"12":{"name":"(anonymous_12)","decl":{"start":{"line":108,"column":21},"end":{"line":108,"column":22}},"loc":{"start":{"line":108,"column":45},"end":{"line":127,"column":3}},"line":108},"13":{"name":"(anonymous_13)","decl":{"start":{"line":117,"column":19},"end":{"line":117,"column":20}},"loc":{"start":{"line":117,"column":25},"end":{"line":119,"column":9}},"line":117},"14":{"name":"(anonymous_14)","decl":{"start":{"line":122,"column":19},"end":{"line":122,"column":20}},"loc":{"start":{"line":122,"column":25},"end":{"line":124,"column":9}},"line":122},"15":{"name":"(anonymous_15)","decl":{"start":{"line":164,"column":24},"end":{"line":164,"column":25}},"loc":{"start":{"line":165,"column":12},"end":{"line":170,"column":14}},"line":165}},"branchMap":{"0":{"loc":{"start":{"line":24,"column":4},"end":{"line":30,"column":5}},"type":"if","locations":[{"start":{"line":24,"column":4},"end":{"line":30,"column":5}},{"start":{},"end":{}}],"line":24},"1":{"loc":{"start":{"line":112,"column":4},"end":{"line":126,"column":5}},"type":"if","locations":[{"start":{"line":112,"column":4},"end":{"line":126,"column":5}},{"start":{},"end":{}}],"line":112},"2":{"loc":{"start":{"line":136,"column":7},"end":{"line":173,"column":7}},"type":"cond-expr","locations":[{"start":{"line":137,"column":8},"end":{"line":143,"column":10}},{"start":{"line":145,"column":8},"end":{"line":172,"column":14}}],"line":136}},"s":{"0":0,"1":0,"2":0,"3":0,"4":0,"5":0,"6":0,"7":0,"8":0,"9":0,"10":0,"11":0,"12":0,"13":0,"14":0,"15":0,"16":0,"17":0,"18":0,"19":0,"20":0,"21":0,"22":0,"23":0,"24":0,"25":0,"26":0,"27":0,"28":0,"29":0,"30":0,"31":0,"32":0,"33":0,"34":0,"35":0,"36":0,"37":0,"38":0,"39":0,"40":0,"41":0,"42":0,"43":0,"44":0,"45":0,"46":0,"47":0,"48":0,"49":0,"50":0,"51":0,"52":0,"53":0,"54":0,"55":0,"56":0,"57":0,"58":0,"59":0,"60":0,"61":0,"62":0,"63":0,"64":0,"65":0,"66":0,"67":0,"68":0,"69":0,"70":0,"71":0,"72":0,"73":0,"74":0,"75":0,"76":0},"f":{"0":0,"1":0,"2":0,"3":0,"4":0,"5":0,"6":0,"7":0,"8":0,"9":0,"10":0,"11":0,"12":0,"13":0,"14":0,"15":0},"b":{"0":[0,0],"1":[0,0],"2":[0,0]}}
,"/home/rmdanjr/FullStackOpen/part5/bloglist-frontend/src/index.js": {"path":"/home/rmdanjr/FullStackOpen/part5/bloglist-frontend/src/index.js","statementMap":{"0":{"start":{"line":5,"column":0},"end":{"line":5,"column":57}}},"fnMap":{},"branchMap":{},"s":{"0":0},"f":{},"b":{}}
,"/home/rmdanjr/FullStackOpen/part5/bloglist-frontend/src/components/Blog.js": {"path":"/home/rmdanjr/FullStackOpen/part5/bloglist-frontend/src/components/Blog.js","statementMap":{"0":{"start":{"line":3,"column":13},"end":{"line":42,"column":1}},"1":{"start":{"line":4,"column":26},"end":{"line":4,"column":41}},"2":{"start":{"line":5,"column":26},"end":{"line":5,"column":46}},"3":{"start":{"line":7,"column":2},"end":{"line":9,"column":12}},"4":{"start":{"line":8,"column":4},"end":{"line":8,"column":29}},"5":{"start":{"line":11,"column":20},"end":{"line":17,"column":3}},"6":{"start":{"line":19,"column":21},"end":{"line":19,"column":41}},"7":{"start":{"line":19,"column":27},"end":{"line":19,"column":41}},"8":{"start":{"line":21,"column":2},"end":{"line":41,"column":3}},"9":{"start":{"line":31,"column":33},"end":{"line":31,"column":76}},"10":{"start":{"line":37,"column":33},"end":{"line":37,"column":55}}},"fnMap":{"0":{"name":"(anonymous_0)","decl":{"start":{"line":3,"column":13},"end":{"line":3,"column":14}},"loc":{"start":{"line":3,"column":24},"end":{"line":42,"column":1}},"line":3},"1":{"name":"(anonymous_1)","decl":{"start":{"line":7,"column":12},"end":{"line":7,"column":13}},"loc":{"start":{"line":7,"column":18},"end":{"line":9,"column":3}},"line":7},"2":{"name":"(anonymous_2)","decl":{"start":{"line":19,"column":21},"end":{"line":19,"column":22}},"loc":{"start":{"line":19,"column":27},"end":{"line":19,"column":41}},"line":19},"3":{"name":"(anonymous_3)","decl":{"start":{"line":31,"column":27},"end":{"line":31,"column":28}},"loc":{"start":{"line":31,"column":33},"end":{"line":31,"column":76}},"line":31},"4":{"name":"(anonymous_4)","decl":{"start":{"line":37,"column":27},"end":{"line":37,"column":28}},"loc":{"start":{"line":37,"column":33},"end":{"line":37,"column":55}},"line":37}},"branchMap":{"0":{"loc":{"start":{"line":25,"column":38},"end":{"line":25,"column":60}},"type":"cond-expr","locations":[{"start":{"line":25,"column":45},"end":{"line":25,"column":51}},{"start":{"line":25,"column":54},"end":{"line":25,"column":60}}],"line":25},"1":{"loc":{"start":{"line":27,"column":29},"end":{"line":27,"column":52}},"type":"cond-expr","locations":[{"start":{"line":27,"column":36},"end":{"line":27,"column":43}},{"start":{"line":27,"column":46},"end":{"line":27,"column":52}}],"line":27},"2":{"loc":{"start":{"line":36,"column":9},"end":{"line":38,"column":9}},"type":"binary-expr","locations":[{"start":{"line":36,"column":9},"end":{"line":36,"column":39}},{"start":{"line":37,"column":10},"end":{"line":37,"column":72}}],"line":36}},"s":{"0":1,"1":5,"2":5,"3":5,"4":4,"5":5,"6":5,"7":1,"8":5,"9":0,"10":2},"f":{"0":5,"1":4,"2":1,"3":0,"4":2},"b":{"0":[1,4],"1":[1,4],"2":[5,5]},"_coverageSchema":"1a1c01bbd47fc00a2c39e90264f33305004495a9","hash":"1de3cded48bb432fb565a9d83ef1775558d3d511"}
,"/home/rmdanjr/FullStackOpen/part5/bloglist-frontend/src/components/BlogForm.js": {"path":"/home/rmdanjr/FullStackOpen/part5/bloglist-frontend/src/components/BlogForm.js","statementMap":{"0":{"start":{"line":3,"column":17},"end":{"line":29,"column":1}},"1":{"start":{"line":12,"column":2},"end":{"line":28,"column":5}}},"fnMap":{"0":{"name":"(anonymous_0)","decl":{"start":{"line":3,"column":17},"end":{"line":3,"column":18}},"loc":{"start":{"line":12,"column":2},"end":{"line":28,"column":5}},"line":12}},"branchMap":{},"s":{"0":0,"1":0},"f":{"0":0},"b":{}}
,"/home/rmdanjr/FullStackOpen/part5/bloglist-frontend/src/components/LoginForm.js": {"path":"/home/rmdanjr/FullStackOpen/part5/bloglist-frontend/src/components/LoginForm.js","statementMap":{"0":{"start":{"line":4,"column":18},"end":{"line":32,"column":1}},"1":{"start":{"line":11,"column":2},"end":{"line":31,"column":9}},"2":{"start":{"line":18,"column":34},"end":{"line":18,"column":59}},"3":{"start":{"line":27,"column":34},"end":{"line":27,"column":59}},"4":{"start":{"line":34,"column":0},"end":{"line":40,"column":1}}},"fnMap":{"0":{"name":"(anonymous_0)","decl":{"start":{"line":4,"column":18},"end":{"line":4,"column":19}},"loc":{"start":{"line":11,"column":2},"end":{"line":31,"column":9}},"line":11},"1":{"name":"(anonymous_1)","decl":{"start":{"line":18,"column":18},"end":{"line":18,"column":19}},"loc":{"start":{"line":18,"column":34},"end":{"line":18,"column":59}},"line":18},"2":{"name":"(anonymous_2)","decl":{"start":{"line":27,"column":18},"end":{"line":27,"column":19}},"loc":{"start":{"line":27,"column":34},"end":{"line":27,"column":59}},"line":27}},"branchMap":{},"s":{"0":0,"1":0,"2":0,"3":0,"4":0},"f":{"0":0,"1":0,"2":0},"b":{}}
,"/home/rmdanjr/FullStackOpen/part5/bloglist-frontend/src/components/Notification.js": {"path":"/home/rmdanjr/FullStackOpen/part5/bloglist-frontend/src/components/Notification.js","statementMap":{"0":{"start":{"line":3,"column":14},"end":{"line":11,"column":1}},"1":{"start":{"line":13,"column":16},"end":{"line":21,"column":1}},"2":{"start":{"line":23,"column":21},"end":{"line":31,"column":1}},"3":{"start":{"line":24,"column":2},"end":{"line":30,"column":3}},"4":{"start":{"line":25,"column":4},"end":{"line":25,"column":15}},"5":{"start":{"line":26,"column":9},"end":{"line":30,"column":3}},"6":{"start":{"line":27,"column":4},"end":{"line":27,"column":54}},"7":{"start":{"line":29,"column":4},"end":{"line":29,"column":50}}},"fnMap":{"0":{"name":"(anonymous_0)","decl":{"start":{"line":23,"column":21},"end":{"line":23,"column":22}},"loc":{"start":{"line":23,"column":59},"end":{"line":31,"column":1}},"line":23}},"branchMap":{"0":{"loc":{"start":{"line":24,"column":2},"end":{"line":30,"column":3}},"type":"if","locations":[{"start":{"line":24,"column":2},"end":{"line":30,"column":3}},{"start":{"line":26,"column":9},"end":{"line":30,"column":3}}],"line":24},"1":{"loc":{"start":{"line":24,"column":6},"end":{"line":24,"column":54}},"type":"binary-expr","locations":[{"start":{"line":24,"column":6},"end":{"line":24,"column":29}},{"start":{"line":24,"column":33},"end":{"line":24,"column":54}}],"line":24},"2":{"loc":{"start":{"line":26,"column":9},"end":{"line":30,"column":3}},"type":"if","locations":[{"start":{"line":26,"column":9},"end":{"line":30,"column":3}},{"start":{"line":28,"column":9},"end":{"line":30,"column":3}}],"line":26}},"s":{"0":0,"1":0,"2":0,"3":0,"4":0,"5":0,"6":0,"7":0},"f":{"0":0},"b":{"0":[0,0],"1":[0,0],"2":[0,0]}}
,"/home/rmdanjr/FullStackOpen/part5/bloglist-frontend/src/components/Togglable.js": {"path":"/home/rmdanjr/FullStackOpen/part5/bloglist-frontend/src/components/Togglable.js","statementMap":{"0":{"start":{"line":3,"column":18},"end":{"line":28,"column":2}},"1":{"start":{"line":4,"column":32},"end":{"line":4,"column":47}},"2":{"start":{"line":6,"column":26},"end":{"line":6,"column":60}},"3":{"start":{"line":7,"column":26},"end":{"line":7,"column":60}},"4":{"start":{"line":9,"column":27},"end":{"line":11,"column":3}},"5":{"start":{"line":10,"column":4},"end":{"line":10,"column":24}},"6":{"start":{"line":13,"column":2},"end":{"line":15,"column":4}},"7":{"start":{"line":14,"column":4},"end":{"line":14,"column":31}},"8":{"start":{"line":17,"column":2},"end":{"line":27,"column":3}}},"fnMap":{"0":{"name":"(anonymous_0)","decl":{"start":{"line":3,"column":29},"end":{"line":3,"column":30}},"loc":{"start":{"line":3,"column":46},"end":{"line":28,"column":1}},"line":3},"1":{"name":"(anonymous_1)","decl":{"start":{"line":9,"column":27},"end":{"line":9,"column":28}},"loc":{"start":{"line":9,"column":33},"end":{"line":11,"column":3}},"line":9},"2":{"name":"(anonymous_2)","decl":{"start":{"line":13,"column":28},"end":{"line":13,"column":29}},"loc":{"start":{"line":13,"column":34},"end":{"line":15,"column":3}},"line":13}},"branchMap":{"0":{"loc":{"start":{"line":6,"column":37},"end":{"line":6,"column":58}},"type":"cond-expr","locations":[{"start":{"line":6,"column":47},"end":{"line":6,"column":53}},{"start":{"line":6,"column":56},"end":{"line":6,"column":58}}],"line":6},"1":{"loc":{"start":{"line":7,"column":37},"end":{"line":7,"column":58}},"type":"cond-expr","locations":[{"start":{"line":7,"column":47},"end":{"line":7,"column":49}},{"start":{"line":7,"column":52},"end":{"line":7,"column":58}}],"line":7}},"s":{"0":0,"1":0,"2":0,"3":0,"4":0,"5":0,"6":0,"7":0,"8":0},"f":{"0":0,"1":0,"2":0},"b":{"0":[0,0],"1":[0,0]}}
,"/home/rmdanjr/FullStackOpen/part5/bloglist-frontend/src/services/blogs.js": {"path":"/home/rmdanjr/FullStackOpen/part5/bloglist-frontend/src/services/blogs.js","statementMap":{"0":{"start":{"line":2,"column":16},"end":{"line":2,"column":49}},"1":{"start":{"line":4,"column":12},"end":{"line":4,"column":16}},"2":{"start":{"line":6,"column":17},"end":{"line":8,"column":1}},"3":{"start":{"line":7,"column":2},"end":{"line":7,"column":30}},"4":{"start":{"line":10,"column":15},"end":{"line":16,"column":1}},"5":{"start":{"line":11,"column":17},"end":{"line":13,"column":3}},"6":{"start":{"line":14,"column":19},"end":{"line":14,"column":51}},"7":{"start":{"line":15,"column":2},"end":{"line":15,"column":56}},"8":{"start":{"line":15,"column":38},"end":{"line":15,"column":55}},"9":{"start":{"line":18,"column":15},"end":{"line":25,"column":1}},"10":{"start":{"line":19,"column":17},"end":{"line":21,"column":3}},"11":{"start":{"line":23,"column":19},"end":{"line":23,"column":61}},"12":{"start":{"line":24,"column":2},"end":{"line":24,"column":22}},"13":{"start":{"line":27,"column":15},"end":{"line":33,"column":1}},"14":{"start":{"line":28,"column":17},"end":{"line":30,"column":3}},"15":{"start":{"line":31,"column":19},"end":{"line":31,"column":69}},"16":{"start":{"line":32,"column":2},"end":{"line":32,"column":17}},"17":{"start":{"line":35,"column":15},"end":{"line":48,"column":1}},"18":{"start":{"line":36,"column":17},"end":{"line":38,"column":3}},"19":{"start":{"line":39,"column":22},"end":{"line":45,"column":3}},"20":{"start":{"line":46,"column":19},"end":{"line":46,"column":80}},"21":{"start":{"line":47,"column":2},"end":{"line":47,"column":22}}},"fnMap":{"0":{"name":"(anonymous_0)","decl":{"start":{"line":6,"column":17},"end":{"line":6,"column":18}},"loc":{"start":{"line":6,"column":31},"end":{"line":8,"column":1}},"line":6},"1":{"name":"(anonymous_1)","decl":{"start":{"line":10,"column":15},"end":{"line":10,"column":16}},"loc":{"start":{"line":10,"column":27},"end":{"line":16,"column":1}},"line":10},"2":{"name":"(anonymous_2)","decl":{"start":{"line":15,"column":28},"end":{"line":15,"column":29}},"loc":{"start":{"line":15,"column":38},"end":{"line":15,"column":55}},"line":15},"3":{"name":"(anonymous_3)","decl":{"start":{"line":18,"column":15},"end":{"line":18,"column":16}},"loc":{"start":{"line":18,"column":34},"end":{"line":25,"column":1}},"line":18},"4":{"name":"(anonymous_4)","decl":{"start":{"line":27,"column":15},"end":{"line":27,"column":16}},"loc":{"start":{"line":27,"column":33},"end":{"line":33,"column":1}},"line":27},"5":{"name":"(anonymous_5)","decl":{"start":{"line":35,"column":15},"end":{"line":35,"column":16}},"loc":{"start":{"line":35,"column":31},"end":{"line":48,"column":1}},"line":35}},"branchMap":{},"s":{"0":1,"1":1,"2":1,"3":0,"4":1,"5":0,"6":0,"7":0,"8":0,"9":1,"10":0,"11":0,"12":0,"13":1,"14":0,"15":0,"16":0,"17":1,"18":4,"19":4,"20":4,"21":0},"f":{"0":0,"1":0,"2":0,"3":0,"4":0,"5":4},"b":{},"_coverageSchema":"1a1c01bbd47fc00a2c39e90264f33305004495a9","hash":"143152e61e2e9bece577c4c27dbb871bd3637d35"}
,"/home/rmdanjr/FullStackOpen/part5/bloglist-frontend/src/services/login.js": {"path":"/home/rmdanjr/FullStackOpen/part5/bloglist-frontend/src/services/login.js","statementMap":{"0":{"start":{"line":2,"column":16},"end":{"line":2,"column":49}},"1":{"start":{"line":4,"column":14},"end":{"line":7,"column":1}},"2":{"start":{"line":5,"column":19},"end":{"line":5,"column":57}},"3":{"start":{"line":6,"column":2},"end":{"line":6,"column":22}}},"fnMap":{"0":{"name":"(anonymous_0)","decl":{"start":{"line":4,"column":14},"end":{"line":4,"column":15}},"loc":{"start":{"line":4,"column":37},"end":{"line":7,"column":1}},"line":4}},"branchMap":{},"s":{"0":0,"1":0,"2":0,"3":0},"f":{"0":0},"b":{}}
}
